=== Building project ===
[  0%] Built target JunctionDice++_autogen_timestamp_deps
[  0%] Built target deseq2_statistics_autogen_timestamp_deps
[  0%] Built target MultiQuery++_autogen_timestamp_deps
[  0%] Built target ReadDepth++_autogen_timestamp_deps
[  0%] Built target QXlsx_autogen_timestamp_deps
[  0%] Automatic MOC and UIC for target JunctionDice++
[  0%] Automatic MOC and UIC for target MultiQuery++
[  1%] Automatic MOC and UIC for target ReadDepth++
[  1%] Automatic MOC and UIC for target deseq2_statistics
[  1%] Automatic MOC and UIC for target QXlsx
[  1%] Built target deseq2_statistics_autogen
[  1%] Building CXX object deseq2/statistics/CMakeFiles/deseq2_statistics.dir/src/deseq_stats.cpp.o
[  2%] Building CXX object deseq2/statistics/CMakeFiles/deseq2_statistics.dir/deseq2_statistics_autogen/mocs_compilation.cpp.o
[  2%] Building CXX object deseq2/statistics/CMakeFiles/deseq2_statistics.dir/src/utils.cpp.o
[  3%] Building CXX object deseq2/statistics/CMakeFiles/deseq2_statistics.dir/src/deseq_dataset.cpp.o
[  3%] Built target QXlsx_autogen
[  3%] Building CXX object gene_count/QXlsx/QXlsx/CMakeFiles/QXlsx.dir/QXlsx_autogen/mocs_compilation.cpp.o
[  4%] Building CXX object gene_count/QXlsx/QXlsx/CMakeFiles/QXlsx.dir/source/xlsxcontenttypes.cpp.o
[  4%] Building CXX object gene_count/QXlsx/QXlsx/CMakeFiles/QXlsx.dir/source/xlsxcellrange.cpp.o
[  5%] Building CXX object gene_count/QXlsx/QXlsx/CMakeFiles/QXlsx.dir/source/xlsxdrawinganchor.cpp.o
[  5%] Built target JunctionDice++_autogen
[  5%] Building CXX object junction_dice/CMakeFiles/JunctionDice++.dir/JunctionDice++_autogen/mocs_compilation.cpp.o
[  5%] Built target MultiQuery++_autogen
[  5%] Building CXX object gene_count/QXlsx/QXlsx/CMakeFiles/QXlsx.dir/source/xlsxrichstring.cpp.o
[  5%] Built target ReadDepth++_autogen
[  5%] Building CXX object junction_dice/CMakeFiles/JunctionDice++.dir/jdworker.cpp.o
[  5%] Building CXX object gene_count/QXlsx/QXlsx/CMakeFiles/QXlsx.dir/source/xlsxworkbook.cpp.o
[  6%] Building CXX object query/CMakeFiles/MultiQuery++.dir/MultiQuery++_autogen/mocs_compilation.cpp.o
[  7%] Building CXX object junction_dice/CMakeFiles/JunctionDice++.dir/main.cpp.o
[  8%] Building CXX object read_depth/CMakeFiles/ReadDepth++.dir/ReadDepth++_autogen/mocs_compilation.cpp.o
[  8%] Building CXX object query/CMakeFiles/MultiQuery++.dir/dockwidget.cpp.o
[  9%] Building CXX object gene_count/QXlsx/QXlsx/CMakeFiles/QXlsx.dir/source/xlsxabstractooxmlfile.cpp.o
[  9%] Building CXX object junction_dice/CMakeFiles/JunctionDice++.dir/mainwindow.cpp.o
/Users/venky/Projects/deepn-plus/junction_dice/jdworker.cpp:262:47: warning: 'OptimizeOnFirstUsageOption' is deprecated: This option does not have any effect since Qt 5.12 [-Wdeprecated-declarations]
  262 |             jseq_pattern, QRegularExpression::OptimizeOnFirstUsageOption);
      |                                               ^
/Users/venky/Softwares/qt5-static/include/QtCore/qregularexpression.h:76:36: note: 'OptimizeOnFirstUsageOption' has been explicitly marked deprecated here
   76 |         OptimizeOnFirstUsageOption Q_DECL_ENUMERATOR_DEPRECATED_X("This option does not have any effect since Qt 5.12") = 0x0080,
      |                                    ^
/Users/venky/Softwares/qt5-static/include/QtCore/qcompilerdetection.h:1175:45: note: expanded from macro 'Q_DECL_ENUMERATOR_DEPRECATED_X'
 1175 | #  define Q_DECL_ENUMERATOR_DEPRECATED_X(x) Q_DECL_DEPRECATED_X(x)
      |                                             ^
/Users/venky/Softwares/qt5-static/include/QtCore/qcompilerdetection.h:689:55: note: expanded from macro 'Q_DECL_DEPRECATED_X'
  689 | #    define Q_DECL_DEPRECATED_X(text) __attribute__ ((__deprecated__(text)))
      |                                                       ^
/Users/venky/Projects/deepn-plus/junction_dice/jdworker.cpp:264:51: warning: 'OptimizeOnFirstUsageOption' is deprecated: This option does not have any effect since Qt 5.12 [-Wdeprecated-declarations]
  264 |             repeats_sequence, QRegularExpression::OptimizeOnFirstUsageOption);
      |                                                   ^
/Users/venky/Softwares/qt5-static/include/QtCore/qregularexpression.h:76:36: note: 'OptimizeOnFirstUsageOption' has been explicitly marked deprecated here
   76 |         OptimizeOnFirstUsageOption Q_DECL_ENUMERATOR_DEPRECATED_X("This option does not have any effect since Qt 5.12") = 0x0080,
      |                                    ^
/Users/venky/Softwares/qt5-static/include/QtCore/qcompilerdetection.h:1175:45: note: expanded from macro 'Q_DECL_ENUMERATOR_DEPRECATED_X'
 1175 | #  define Q_DECL_ENUMERATOR_DEPRECATED_X(x) Q_DECL_DEPRECATED_X(x)
      |                                             ^
/Users/venky/Softwares/qt5-static/include/QtCore/qcompilerdetection.h:689:55: note: expanded from macro 'Q_DECL_DEPRECATED_X'
  689 | #    define Q_DECL_DEPRECATED_X(text) __attribute__ ((__deprecated__(text)))
      |                                                       ^
[  9%] Building CXX object gene_count/QXlsx/QXlsx/CMakeFiles/QXlsx.dir/source/xlsxcellreference.cpp.o
2 warnings generated.
[ 10%] Building CXX object query/CMakeFiles/MultiQuery++.dir/main.cpp.o
[ 10%] Building CXX object read_depth/CMakeFiles/ReadDepth++.dir/main.cpp.o
[ 10%] Building CXX object query/CMakeFiles/MultiQuery++.dir/mainwindow.cpp.o
[ 11%] Building CXX object gene_count/QXlsx/QXlsx/CMakeFiles/QXlsx.dir/source/xlsxdatavalidation.cpp.o
[ 12%] Building CXX object junction_dice/CMakeFiles/JunctionDice++.dir/signals.cpp.o
[ 12%] Building CXX object gene_count/QXlsx/QXlsx/CMakeFiles/QXlsx.dir/source/xlsxdrawing.cpp.o
[ 12%] Building CXX object junction_dice/CMakeFiles/JunctionDice++.dir/datastructs.cpp.o
[ 12%] Building CXX object query/CMakeFiles/MultiQuery++.dir/__/QCustomplot/qcustomplot.cpp.o
[ 13%] Building CXX object read_depth/CMakeFiles/ReadDepth++.dir/mainwindow.cpp.o
[ 14%] Building CXX object gene_count/QXlsx/QXlsx/CMakeFiles/QXlsx.dir/source/xlsxsharedstrings.cpp.o
[ 15%] Building CXX object junction_dice/CMakeFiles/JunctionDice++.dir/Users/venky/Softwares/qt5-static/lib/cmake/Qt5Gui/Qt5Gui_QCocoaIntegrationPlugin_Import.cpp.o
[ 16%] Building CXX object query/CMakeFiles/MultiQuery++.dir/qdatabaseloader.cpp.o
[ 16%] Building CXX object gene_count/QXlsx/QXlsx/CMakeFiles/QXlsx.dir/source/xlsxworksheet.cpp.o
[ 16%] Building CXX object query/CMakeFiles/MultiQuery++.dir/fileloader.cpp.o
[ 16%] Building CXX object read_depth/CMakeFiles/ReadDepth++.dir/rdfile.cpp.o
[ 16%] Building CXX object junction_dice/CMakeFiles/JunctionDice++.dir/Users/venky/Softwares/qt5-static/lib/cmake/Qt5Widgets/Qt5Widgets_QMacStylePlugin_Import.cpp.o
[ 17%] Building CXX object query/CMakeFiles/MultiQuery++.dir/Users/venky/Softwares/qt5-static/lib/cmake/Qt5Gui/Qt5Gui_QCocoaIntegrationPlugin_Import.cpp.o
[ 18%] Building CXX object read_depth/CMakeFiles/ReadDepth++.dir/__/QCustomplot/qcustomplot.cpp.o
[ 19%] Building CXX object gene_count/QXlsx/QXlsx/CMakeFiles/QXlsx.dir/source/xlsxabstractsheet.cpp.o
[ 20%] Building CXX object junction_dice/CMakeFiles/JunctionDice++.dir/Users/venky/Softwares/qt5-static/lib/cmake/Qt5PrintSupport/Qt5PrintSupport_QCocoaPrinterSupportPlugin_Import.cpp.o
[ 20%] Building CXX object read_depth/CMakeFiles/ReadDepth++.dir/rdatabaseloader.cpp.o
[ 20%] Building CXX object gene_count/QXlsx/QXlsx/CMakeFiles/QXlsx.dir/source/xlsxchart.cpp.o
[ 20%] Building CXX object query/CMakeFiles/MultiQuery++.dir/Users/venky/Softwares/qt5-static/lib/cmake/Qt5Widgets/Qt5Widgets_QMacStylePlugin_Import.cpp.o
[ 20%] Building CXX object junction_dice/CMakeFiles/JunctionDice++.dir/Users/venky/Softwares/qt5-static/lib/cmake/Qt5Gui/Qt5Gui_QGifPlugin_Import.cpp.o
[ 21%] Building CXX object read_depth/CMakeFiles/ReadDepth++.dir/Users/venky/Softwares/qt5-static/lib/cmake/Qt5Gui/Qt5Gui_QCocoaIntegrationPlugin_Import.cpp.o
[ 21%] Building CXX object junction_dice/CMakeFiles/JunctionDice++.dir/Users/venky/Softwares/qt5-static/lib/cmake/Qt5Gui/Qt5Gui_QICNSPlugin_Import.cpp.o
[ 21%] Building CXX object gene_count/QXlsx/QXlsx/CMakeFiles/QXlsx.dir/source/xlsxdatetype.cpp.o
[ 21%] Building CXX object read_depth/CMakeFiles/ReadDepth++.dir/Users/venky/Softwares/qt5-static/lib/cmake/Qt5Widgets/Qt5Widgets_QMacStylePlugin_Import.cpp.o
[ 22%] Building CXX object gene_count/QXlsx/QXlsx/CMakeFiles/QXlsx.dir/source/xlsxformat.cpp.o
[ 23%] Building CXX object junction_dice/CMakeFiles/JunctionDice++.dir/Users/venky/Softwares/qt5-static/lib/cmake/Qt5Gui/Qt5Gui_QICOPlugin_Import.cpp.o
[ 24%] Building CXX object query/CMakeFiles/MultiQuery++.dir/Users/venky/Softwares/qt5-static/lib/cmake/Qt5PrintSupport/Qt5PrintSupport_QCocoaPrinterSupportPlugin_Import.cpp.o
[ 24%] Building CXX object read_depth/CMakeFiles/ReadDepth++.dir/Users/venky/Softwares/qt5-static/lib/cmake/Qt5PrintSupport/Qt5PrintSupport_QCocoaPrinterSupportPlugin_Import.cpp.o
[ 24%] Building CXX object gene_count/QXlsx/QXlsx/CMakeFiles/QXlsx.dir/source/xlsxsimpleooxmlfile.cpp.o
[ 25%] Building CXX object gene_count/QXlsx/QXlsx/CMakeFiles/QXlsx.dir/source/xlsxzipreader.cpp.o
[ 25%] Building CXX object junction_dice/CMakeFiles/JunctionDice++.dir/Users/venky/Softwares/qt5-static/lib/cmake/Qt5Gui/Qt5Gui_QJpegPlugin_Import.cpp.o
[ 25%] Building CXX object gene_count/QXlsx/QXlsx/CMakeFiles/QXlsx.dir/source/xlsxcell.cpp.o
[ 26%] Building CXX object read_depth/CMakeFiles/ReadDepth++.dir/Users/venky/Softwares/qt5-static/lib/cmake/Qt5Gui/Qt5Gui_QGifPlugin_Import.cpp.o
[ 27%] Building CXX object junction_dice/CMakeFiles/JunctionDice++.dir/Users/venky/Softwares/qt5-static/lib/cmake/Qt5Gui/Qt5Gui_QMacHeifPlugin_Import.cpp.o
[ 27%] Building CXX object query/CMakeFiles/MultiQuery++.dir/Users/venky/Softwares/qt5-static/lib/cmake/Qt5Gui/Qt5Gui_QGifPlugin_Import.cpp.o
[ 27%] Building CXX object read_depth/CMakeFiles/ReadDepth++.dir/Users/venky/Softwares/qt5-static/lib/cmake/Qt5Gui/Qt5Gui_QICNSPlugin_Import.cpp.o
[ 28%] Building CXX object read_depth/CMakeFiles/ReadDepth++.dir/Users/venky/Softwares/qt5-static/lib/cmake/Qt5Gui/Qt5Gui_QICOPlugin_Import.cpp.o
[ 29%] Building CXX object query/CMakeFiles/MultiQuery++.dir/Users/venky/Softwares/qt5-static/lib/cmake/Qt5Gui/Qt5Gui_QICNSPlugin_Import.cpp.o
[ 30%] Building CXX object gene_count/QXlsx/QXlsx/CMakeFiles/QXlsx.dir/source/xlsxchartsheet.cpp.o
[ 30%] Building CXX object junction_dice/CMakeFiles/JunctionDice++.dir/Users/venky/Softwares/qt5-static/lib/cmake/Qt5Gui/Qt5Gui_QMacJp2Plugin_Import.cpp.o
[ 30%] Building CXX object query/CMakeFiles/MultiQuery++.dir/Users/venky/Softwares/qt5-static/lib/cmake/Qt5Gui/Qt5Gui_QICOPlugin_Import.cpp.o
[ 31%] Building CXX object junction_dice/CMakeFiles/JunctionDice++.dir/Users/venky/Softwares/qt5-static/lib/cmake/Qt5Gui/Qt5Gui_QSvgIconPlugin_Import.cpp.o
[ 31%] Building CXX object gene_count/QXlsx/QXlsx/CMakeFiles/QXlsx.dir/source/xlsxdocpropsapp.cpp.o
[ 31%] Building CXX object read_depth/CMakeFiles/ReadDepth++.dir/Users/venky/Softwares/qt5-static/lib/cmake/Qt5Gui/Qt5Gui_QJpegPlugin_Import.cpp.o
[ 32%] Building CXX object read_depth/CMakeFiles/ReadDepth++.dir/Users/venky/Softwares/qt5-static/lib/cmake/Qt5Gui/Qt5Gui_QMacHeifPlugin_Import.cpp.o
[ 32%] Building CXX object query/CMakeFiles/MultiQuery++.dir/Users/venky/Softwares/qt5-static/lib/cmake/Qt5Gui/Qt5Gui_QJpegPlugin_Import.cpp.o
[ 32%] Building CXX object junction_dice/CMakeFiles/JunctionDice++.dir/Users/venky/Softwares/qt5-static/lib/cmake/Qt5Gui/Qt5Gui_QSvgPlugin_Import.cpp.o
[ 33%] Building CXX object gene_count/QXlsx/QXlsx/CMakeFiles/QXlsx.dir/source/xlsxmediafile.cpp.o
[ 33%] Building CXX object gene_count/QXlsx/QXlsx/CMakeFiles/QXlsx.dir/source/xlsxstyles.cpp.o
[ 33%] Building CXX object read_depth/CMakeFiles/ReadDepth++.dir/Users/venky/Softwares/qt5-static/lib/cmake/Qt5Gui/Qt5Gui_QMacJp2Plugin_Import.cpp.o
[ 34%] Building CXX object query/CMakeFiles/MultiQuery++.dir/Users/venky/Softwares/qt5-static/lib/cmake/Qt5Gui/Qt5Gui_QMacHeifPlugin_Import.cpp.o
[ 35%] Building CXX object junction_dice/CMakeFiles/JunctionDice++.dir/Users/venky/Softwares/qt5-static/lib/cmake/Qt5Gui/Qt5Gui_QTgaPlugin_Import.cpp.o
[ 35%] Building CXX object gene_count/QXlsx/QXlsx/CMakeFiles/QXlsx.dir/source/xlsxzipwriter.cpp.o
[ 35%] Building CXX object query/CMakeFiles/MultiQuery++.dir/Users/venky/Softwares/qt5-static/lib/cmake/Qt5Gui/Qt5Gui_QMacJp2Plugin_Import.cpp.o
[ 35%] Linking CXX static library libdeseq2_statistics.a
[ 35%] Built target deseq2_statistics
[ 35%] Building CXX object junction_dice/CMakeFiles/JunctionDice++.dir/Users/venky/Softwares/qt5-static/lib/cmake/Qt5Gui/Qt5Gui_QTiffPlugin_Import.cpp.o
[ 36%] Building CXX object query/CMakeFiles/MultiQuery++.dir/Users/venky/Softwares/qt5-static/lib/cmake/Qt5Gui/Qt5Gui_QSvgIconPlugin_Import.cpp.o
[ 37%] Building CXX object gene_count/QXlsx/QXlsx/CMakeFiles/QXlsx.dir/source/xlsxcellformula.cpp.o
[ 37%] Built target test_deseq2_autogen_timestamp_deps
[ 37%] Built target example_usage_autogen_timestamp_deps
[ 38%] Building CXX object read_depth/CMakeFiles/ReadDepth++.dir/Users/venky/Softwares/qt5-static/lib/cmake/Qt5Gui/Qt5Gui_QSvgIconPlugin_Import.cpp.o
[ 38%] Building CXX object junction_dice/CMakeFiles/JunctionDice++.dir/Users/venky/Softwares/qt5-static/lib/cmake/Qt5Gui/Qt5Gui_QWbmpPlugin_Import.cpp.o
[ 38%] Building CXX object gene_count/QXlsx/QXlsx/CMakeFiles/QXlsx.dir/source/xlsxcolor.cpp.o
[ 38%] Built target test_ppm_conversion_autogen_timestamp_deps
[ 39%] Building CXX object junction_dice/CMakeFiles/JunctionDice++.dir/Users/venky/Softwares/qt5-static/lib/cmake/Qt5Gui/Qt5Gui_QWebpPlugin_Import.cpp.o
[ 39%] Building CXX object read_depth/CMakeFiles/ReadDepth++.dir/Users/venky/Softwares/qt5-static/lib/cmake/Qt5Gui/Qt5Gui_QSvgPlugin_Import.cpp.o
[ 39%] Built target example_ppm_deseq2_analysis_autogen_timestamp_deps
[ 39%] Automatic MOC and UIC for target test_deseq2
[ 39%] Built target test_deseq2_autogen
[ 39%] Building CXX object query/CMakeFiles/MultiQuery++.dir/Users/venky/Softwares/qt5-static/lib/cmake/Qt5Gui/Qt5Gui_QSvgPlugin_Import.cpp.o
[ 40%] Building CXX object gene_count/QXlsx/QXlsx/CMakeFiles/QXlsx.dir/source/xlsxdocpropscore.cpp.o
[ 40%] Automatic MOC and UIC for target example_usage
[ 40%] Building CXX object junction_dice/CMakeFiles/JunctionDice++.dir/Users/venky/Softwares/qt5-static/lib/cmake/Qt5Sql/Qt5Sql_QSQLiteDriverPlugin_Import.cpp.o
[ 40%] Building CXX object read_depth/CMakeFiles/ReadDepth++.dir/Users/venky/Softwares/qt5-static/lib/cmake/Qt5Gui/Qt5Gui_QTgaPlugin_Import.cpp.o
[ 40%] Built target example_usage_autogen
[ 40%] Building CXX object gene_count/QXlsx/QXlsx/CMakeFiles/QXlsx.dir/source/xlsxnumformatparser.cpp.o
[ 41%] Automatic MOC and UIC for target test_ppm_conversion
[ 42%] Building CXX object read_depth/CMakeFiles/ReadDepth++.dir/Users/venky/Softwares/qt5-static/lib/cmake/Qt5Gui/Qt5Gui_QTiffPlugin_Import.cpp.o
[ 42%] Built target test_ppm_conversion_autogen
[ 43%] Automatic MOC and UIC for target example_ppm_deseq2_analysis
[ 43%] Built target example_ppm_deseq2_analysis_autogen
[ 44%] Building CXX object gene_count/QXlsx/QXlsx/CMakeFiles/QXlsx.dir/source/xlsxtheme.cpp.o
[ 45%] Building CXX object query/CMakeFiles/MultiQuery++.dir/Users/venky/Softwares/qt5-static/lib/cmake/Qt5Gui/Qt5Gui_QTgaPlugin_Import.cpp.o
Copying OS X content components/JunctionDice++.app/Contents/Resources/junction_dice.icns
[ 45%] Building CXX object gene_count/QXlsx/QXlsx/CMakeFiles/QXlsx.dir/source/xlsxcelllocation.cpp.o
[ 45%] Building CXX object query/CMakeFiles/MultiQuery++.dir/Users/venky/Softwares/qt5-static/lib/cmake/Qt5Gui/Qt5Gui_QTiffPlugin_Import.cpp.o
[ 46%] Building CXX object gene_count/QXlsx/QXlsx/CMakeFiles/QXlsx.dir/source/xlsxconditionalformatting.cpp.o
[ 47%] Linking CXX executable ../components/JunctionDice++.app/Contents/MacOS/JunctionDice++
[ 47%] Building CXX object deseq2/statistics/CMakeFiles/test_deseq2.dir/test_deseq2_autogen/mocs_compilation.cpp.o
[ 47%] Building CXX object read_depth/CMakeFiles/ReadDepth++.dir/Users/venky/Softwares/qt5-static/lib/cmake/Qt5Gui/Qt5Gui_QWbmpPlugin_Import.cpp.o
[ 47%] Building CXX object deseq2/statistics/CMakeFiles/test_deseq2.dir/tests/test_deseq2.cpp.o
[ 48%] Building CXX object query/CMakeFiles/MultiQuery++.dir/Users/venky/Softwares/qt5-static/lib/cmake/Qt5Gui/Qt5Gui_QWbmpPlugin_Import.cpp.o
ld: warning: ignoring duplicate libraries: '/Users/venky/Softwares/qt5-static/lib/libQt5AccessibilitySupport.a', '/Users/venky/Softwares/qt5-static/lib/libQt5ClipboardSupport.a', '/Users/venky/Softwares/qt5-static/lib/libQt5Core.a', '/Users/venky/Softwares/qt5-static/lib/libQt5FontDatabaseSupport.a', '/Users/venky/Softwares/qt5-static/lib/libQt5GraphicsSupport.a', '/Users/venky/Softwares/qt5-static/lib/libQt5Gui.a', '/Users/venky/Softwares/qt5-static/lib/libQt5PrintSupport.a', '/Users/venky/Softwares/qt5-static/lib/libQt5Sql.a', '/Users/venky/Softwares/qt5-static/lib/libQt5Svg.a', '/Users/venky/Softwares/qt5-static/lib/libQt5ThemeSupport.a', '/Users/venky/Softwares/qt5-static/lib/libQt5Widgets.a', '/Users/venky/Softwares/qt5-static/plugins/iconengines/libqsvgicon.a', '/Users/venky/Softwares/qt5-static/plugins/imageformats/libqgif.a', '/Users/venky/Softwares/qt5-static/plugins/imageformats/libqicns.a', '/Users/venky/Softwares/qt5-static/plugins/imageformats/libqico.a', '/Users/venky/Softwares/qt5-static/plugins/imageformats/libqjpeg.a', '/Users/venky/Softwares/qt5-static/plugins/imageformats/libqmacheif.a', '/Users/venky/Softwares/qt5-static/plugins/imageformats/libqmacjp2.a', '/Users/venky/Softwares/qt5-static/plugins/imageformats/libqsvg.a', '/Users/venky/Softwares/qt5-static/plugins/imageformats/libqtga.a', '/Users/venky/Softwares/qt5-static/plugins/imageformats/libqtiff.a', '/Users/venky/Softwares/qt5-static/plugins/imageformats/libqwbmp.a', '/Users/venky/Softwares/qt5-static/plugins/imageformats/libqwebp.a', '/Users/venky/Softwares/qt5-static/plugins/platforms/libqcocoa.a', '/Users/venky/Softwares/qt5-static/plugins/printsupport/libcocoaprintersupport.a', '/Users/venky/Softwares/qt5-static/plugins/sqldrivers/libqsqlite.a', '/Users/venky/Softwares/qt5-static/plugins/styles/libqmacstyle.a'
[ 49%] Building CXX object read_depth/CMakeFiles/ReadDepth++.dir/Users/venky/Softwares/qt5-static/lib/cmake/Qt5Gui/Qt5Gui_QWebpPlugin_Import.cpp.o
[ 49%] Building CXX object gene_count/QXlsx/QXlsx/CMakeFiles/QXlsx.dir/source/xlsxdocument.cpp.o
Copying Data and Tools to JunctionDice++
[ 50%] Building CXX object deseq2/statistics/CMakeFiles/example_usage.dir/example_usage_autogen/mocs_compilation.cpp.o
[ 50%] Building CXX object deseq2/statistics/CMakeFiles/example_usage.dir/tests/example_usage.cpp.o
cp: /Users/venky/Projects/deepn-plus/junction_dice/../ncbi/build/bin/blastn: No such file or directory
make[3]: *** [components/JunctionDice++.app/Contents/MacOS/JunctionDice++] Error 1
make[3]: *** Deleting file `components/JunctionDice++.app/Contents/MacOS/JunctionDice++'
make[2]: *** [junction_dice/CMakeFiles/JunctionDice++.dir/all] Error 2
make[2]: *** Waiting for unfinished jobs....
[ 50%] Building CXX object query/CMakeFiles/MultiQuery++.dir/Users/venky/Softwares/qt5-static/lib/cmake/Qt5Gui/Qt5Gui_QWebpPlugin_Import.cpp.o
[ 50%] Building CXX object query/CMakeFiles/MultiQuery++.dir/Users/venky/Softwares/qt5-static/lib/cmake/Qt5Sql/Qt5Sql_QSQLiteDriverPlugin_Import.cpp.o
[ 50%] Building CXX object gene_count/QXlsx/QXlsx/CMakeFiles/QXlsx.dir/source/xlsxrelationships.cpp.o
[ 50%] Building CXX object read_depth/CMakeFiles/ReadDepth++.dir/Users/venky/Softwares/qt5-static/lib/cmake/Qt5Sql/Qt5Sql_QSQLiteDriverPlugin_Import.cpp.o
Copying OS X content components/ReadDepth++.app/Contents/Resources/read_depth.icns
Copying OS X content components/MultiQuery++.app/Contents/Resources/multi_query.icns
[ 51%] Building CXX object gene_count/QXlsx/QXlsx/CMakeFiles/QXlsx.dir/source/xlsxutility.cpp.o
[ 51%] Building CXX object gene_count/QXlsx/QXlsx/CMakeFiles/QXlsx.dir/Users/venky/Softwares/qt5-static/lib/cmake/Qt5Gui/Qt5Gui_QCocoaIntegrationPlugin_Import.cpp.o
[ 52%] Building CXX object gene_count/QXlsx/QXlsx/CMakeFiles/QXlsx.dir/Users/venky/Softwares/qt5-static/lib/cmake/Qt5Widgets/Qt5Widgets_QMacStylePlugin_Import.cpp.o
[ 52%] Building CXX object gene_count/QXlsx/QXlsx/CMakeFiles/QXlsx.dir/Users/venky/Softwares/qt5-static/lib/cmake/Qt5PrintSupport/Qt5PrintSupport_QCocoaPrinterSupportPlugin_Import.cpp.o
[ 53%] Linking CXX executable test_deseq2
[ 54%] Building CXX object gene_count/QXlsx/QXlsx/CMakeFiles/QXlsx.dir/Users/venky/Softwares/qt5-static/lib/cmake/Qt5Gui/Qt5Gui_QGifPlugin_Import.cpp.o
[ 55%] Built target test_deseq2
[ 55%] Building CXX object gene_count/QXlsx/QXlsx/CMakeFiles/QXlsx.dir/Users/venky/Softwares/qt5-static/lib/cmake/Qt5Gui/Qt5Gui_QICNSPlugin_Import.cpp.o
[ 56%] Building CXX object gene_count/QXlsx/QXlsx/CMakeFiles/QXlsx.dir/Users/venky/Softwares/qt5-static/lib/cmake/Qt5Gui/Qt5Gui_QICOPlugin_Import.cpp.o
[ 57%] Linking CXX executable ../components/MultiQuery++.app/Contents/MacOS/MultiQuery++
ld: warning: ignoring duplicate libraries: '/Users/venky/Softwares/qt5-static/lib/libQt5AccessibilitySupport.a', '/Users/venky/Softwares/qt5-static/lib/libQt5ClipboardSupport.a', '/Users/venky/Softwares/qt5-static/lib/libQt5Core.a', '/Users/venky/Softwares/qt5-static/lib/libQt5FontDatabaseSupport.a', '/Users/venky/Softwares/qt5-static/lib/libQt5GraphicsSupport.a', '/Users/venky/Softwares/qt5-static/lib/libQt5Gui.a', '/Users/venky/Softwares/qt5-static/lib/libQt5PrintSupport.a', '/Users/venky/Softwares/qt5-static/lib/libQt5Sql.a', '/Users/venky/Softwares/qt5-static/lib/libQt5Svg.a', '/Users/venky/Softwares/qt5-static/lib/libQt5ThemeSupport.a', '/Users/venky/Softwares/qt5-static/lib/libQt5Widgets.a', '/Users/venky/Softwares/qt5-static/plugins/iconengines/libqsvgicon.a', '/Users/venky/Softwares/qt5-static/plugins/imageformats/libqgif.a', '/Users/venky/Softwares/qt5-static/plugins/imageformats/libqicns.a', '/Users/venky/Softwares/qt5-static/plugins/imageformats/libqico.a', '/Users/venky/Softwares/qt5-static/plugins/imageformats/libqjpeg.a', '/Users/venky/Softwares/qt5-static/plugins/imageformats/libqmacheif.a', '/Users/venky/Softwares/qt5-static/plugins/imageformats/libqmacjp2.a', '/Users/venky/Softwares/qt5-static/plugins/imageformats/libqsvg.a', '/Users/venky/Softwares/qt5-static/plugins/imageformats/libqtga.a', '/Users/venky/Softwares/qt5-static/plugins/imageformats/libqtiff.a', '/Users/venky/Softwares/qt5-static/plugins/imageformats/libqwbmp.a', '/Users/venky/Softwares/qt5-static/plugins/imageformats/libqwebp.a', '/Users/venky/Softwares/qt5-static/plugins/platforms/libqcocoa.a', '/Users/venky/Softwares/qt5-static/plugins/printsupport/libcocoaprintersupport.a', '/Users/venky/Softwares/qt5-static/plugins/sqldrivers/libqsqlite.a', '/Users/venky/Softwares/qt5-static/plugins/styles/libqmacstyle.a'
[ 57%] Building CXX object gene_count/QXlsx/QXlsx/CMakeFiles/QXlsx.dir/Users/venky/Softwares/qt5-static/lib/cmake/Qt5Gui/Qt5Gui_QJpegPlugin_Import.cpp.o
[ 57%] Building CXX object gene_count/QXlsx/QXlsx/CMakeFiles/QXlsx.dir/Users/venky/Softwares/qt5-static/lib/cmake/Qt5Gui/Qt5Gui_QMacHeifPlugin_Import.cpp.o
[ 57%] Built target MultiQuery++
[ 58%] Building CXX object gene_count/QXlsx/QXlsx/CMakeFiles/QXlsx.dir/Users/venky/Softwares/qt5-static/lib/cmake/Qt5Gui/Qt5Gui_QMacJp2Plugin_Import.cpp.o
[ 58%] Building CXX object gene_count/QXlsx/QXlsx/CMakeFiles/QXlsx.dir/Users/venky/Softwares/qt5-static/lib/cmake/Qt5Gui/Qt5Gui_QSvgIconPlugin_Import.cpp.o
[ 59%] Building CXX object gene_count/QXlsx/QXlsx/CMakeFiles/QXlsx.dir/Users/venky/Softwares/qt5-static/lib/cmake/Qt5Gui/Qt5Gui_QSvgPlugin_Import.cpp.o
[ 60%] Linking CXX executable ../components/ReadDepth++.app/Contents/MacOS/ReadDepth++
ld: warning: ignoring duplicate libraries: '/Users/venky/Softwares/qt5-static/lib/libQt5AccessibilitySupport.a', '/Users/venky/Softwares/qt5-static/lib/libQt5ClipboardSupport.a', '/Users/venky/Softwares/qt5-static/lib/libQt5Core.a', '/Users/venky/Softwares/qt5-static/lib/libQt5FontDatabaseSupport.a', '/Users/venky/Softwares/qt5-static/lib/libQt5GraphicsSupport.a', '/Users/venky/Softwares/qt5-static/lib/libQt5Gui.a', '/Users/venky/Softwares/qt5-static/lib/libQt5PrintSupport.a', '/Users/venky/Softwares/qt5-static/lib/libQt5Sql.a', '/Users/venky/Softwares/qt5-static/lib/libQt5Svg.a', '/Users/venky/Softwares/qt5-static/lib/libQt5ThemeSupport.a', '/Users/venky/Softwares/qt5-static/lib/libQt5Widgets.a', '/Users/venky/Softwares/qt5-static/plugins/iconengines/libqsvgicon.a', '/Users/venky/Softwares/qt5-static/plugins/imageformats/libqgif.a', '/Users/venky/Softwares/qt5-static/plugins/imageformats/libqicns.a', '/Users/venky/Softwares/qt5-static/plugins/imageformats/libqico.a', '/Users/venky/Softwares/qt5-static/plugins/imageformats/libqjpeg.a', '/Users/venky/Softwares/qt5-static/plugins/imageformats/libqmacheif.a', '/Users/venky/Softwares/qt5-static/plugins/imageformats/libqmacjp2.a', '/Users/venky/Softwares/qt5-static/plugins/imageformats/libqsvg.a', '/Users/venky/Softwares/qt5-static/plugins/imageformats/libqtga.a', '/Users/venky/Softwares/qt5-static/plugins/imageformats/libqtiff.a', '/Users/venky/Softwares/qt5-static/plugins/imageformats/libqwbmp.a', '/Users/venky/Softwares/qt5-static/plugins/imageformats/libqwebp.a', '/Users/venky/Softwares/qt5-static/plugins/platforms/libqcocoa.a', '/Users/venky/Softwares/qt5-static/plugins/printsupport/libcocoaprintersupport.a', '/Users/venky/Softwares/qt5-static/plugins/sqldrivers/libqsqlite.a', '/Users/venky/Softwares/qt5-static/plugins/styles/libqmacstyle.a'
[ 60%] Building CXX object gene_count/QXlsx/QXlsx/CMakeFiles/QXlsx.dir/Users/venky/Softwares/qt5-static/lib/cmake/Qt5Gui/Qt5Gui_QTgaPlugin_Import.cpp.o
[ 61%] Building CXX object gene_count/QXlsx/QXlsx/CMakeFiles/QXlsx.dir/Users/venky/Softwares/qt5-static/lib/cmake/Qt5Gui/Qt5Gui_QTiffPlugin_Import.cpp.o
[ 62%] Linking CXX executable example_usage
[ 62%] Built target ReadDepth++
[ 62%] Building CXX object gene_count/QXlsx/QXlsx/CMakeFiles/QXlsx.dir/Users/venky/Softwares/qt5-static/lib/cmake/Qt5Gui/Qt5Gui_QWbmpPlugin_Import.cpp.o
[ 62%] Built target example_usage
[ 63%] Building CXX object gene_count/QXlsx/QXlsx/CMakeFiles/QXlsx.dir/Users/venky/Softwares/qt5-static/lib/cmake/Qt5Gui/Qt5Gui_QWebpPlugin_Import.cpp.o
[ 63%] Linking CXX static library libQXlsxQt5.a
[ 64%] Built target QXlsx
make[1]: *** [all] Error 2
