=== Configuring CMake ===
-- The C compiler identification is AppleClang 17.0.0.17000013
-- The CXX compiler identification is AppleClang 17.0.0.17000013
-- Detecting C compiler ABI info
-- Detecting C compiler ABI info - done
-- Check for working C compiler: /usr/bin/cc - skipped
-- Detecting C compile features
-- Detecting C compile features - done
-- Detecting CXX compiler ABI info
-- Detecting CXX compiler ABI info - done
-- Check for working CXX compiler: /usr/bin/c++ - skipped
-- Detecting CXX compile features
-- Detecting CXX compile features - done
-- DESeq2Statistics Configuration Summary:
--   Library: deseq2_statistics (static)
--   Test Executables: test_deseq2;example_usage;test_ppm_conversion;example_ppm_deseq2_analysis
--   Eigen3 Version: 
--   Boost Version: 1.90.0
-- DESeq2GUI Configuration Summary:
--   Executable: DESeq2
--   Qt5 Static Path: /Users/venky/Softwares/qt5-static
--   Output Directory: /Users/venky/Projects/deepn-plus/cmake-build/bin
--   Platform: Darwin
-- DESeq2 Configuration Summary:
--   Build Type: Release
--   C++ Standard: 17
--   Qt5 Static Path: /Users/venky/Softwares/qt5-static
--   Eigen3 Found: 
--   Boost Found: 1
--   Qt5 Components: Core=1, Widgets=1, UiTools=1
-- CMAKE_CURRENT_SOURCE_DIR: /Users/venky/Projects/deepn-plus
CMake Warning (dev) at CMakeLists.txt:22 (add_custom_command):
  COMMENT requires exactly one argument, but multiple values or COMMENT
  keywords have been given.

  Policy CMP0175 is not set: add_custom_command() rejects invalid arguments.
  Run "cmake --help-policy CMP0175" for policy details.  Use the cmake_policy
  command to set the policy and suppress this warning.
This warning is for project developers.  Use -Wno-dev to suppress it.

CMake Warning (dev) at CMakeLists.txt:22 (add_custom_command):
  COMMENT requires exactly one argument, but multiple values or COMMENT
  keywords have been given.

  Policy CMP0175 is not set: add_custom_command() rejects invalid arguments.
  Run "cmake --help-policy CMP0175" for policy details.  Use the cmake_policy
  command to set the policy and suppress this warning.
This warning is for project developers.  Use -Wno-dev to suppress it.

-- Configuring done (2.6s)
-- Generating done (0.2s)
-- Build files have been written to: /Users/venky/Projects/deepn-plus/cmake-build
