=== Building zlib ===
Configuring zlib...
-- The C compiler identification is AppleClang 17.0.0.17000013
-- Detecting C compiler ABI info
-- Detecting C compiler ABI info - done
-- Check for working C compiler: /usr/bin/cc - skipped
-- Detecting C compile features
-- Detecting C compile features - done
-- Looking for sys/types.h
-- Looking for sys/types.h - found
-- Looking for stdint.h
-- Looking for stdint.h - found
-- Looking for stddef.h
-- Looking for stddef.h - found
-- Check size of off64_t
-- Check size of off64_t - failed
-- Looking for fseeko
-- Looking for fseeko - found
-- Looking for unistd.h
-- Looking for unistd.h - found
-- Renaming
--     /Users/venky/Projects/deepn-plus/zlib/zconf.h
-- to 'zconf.h.included' because this file is included with zlib
-- but CMake generates it automatically in the build directory.
-- Configuring done (1.5s)
-- Generating done (0.0s)
-- Build files have been written to: /Users/venky/Projects/deepn-plus/zlib/build
Compiling zlib...
[  5%] Building C object CMakeFiles/zlib.dir/gzclose.c.o
[  5%] Building C object CMakeFiles/zlibstatic.dir/deflate.c.o
[  8%] Building C object CMakeFiles/zlib.dir/adler32.c.o
[ 11%] Building C object CMakeFiles/zlibstatic.dir/compress.c.o
[ 13%] Building C object CMakeFiles/zlibstatic.dir/adler32.c.o
[ 19%] Building C object CMakeFiles/zlibstatic.dir/crc32.c.o
[ 19%] Building C object CMakeFiles/zlib.dir/deflate.c.o
[ 22%] Building C object CMakeFiles/zlib.dir/compress.c.o
[ 27%] Building C object CMakeFiles/zlib.dir/gzlib.c.o
[ 27%] Building C object CMakeFiles/zlib.dir/crc32.c.o
[ 33%] Building C object CMakeFiles/zlib.dir/gzwrite.c.o
[ 33%] Building C object CMakeFiles/zlib.dir/gzread.c.o
[ 36%] Building C object CMakeFiles/zlib.dir/inflate.c.o
[ 38%] Building C object CMakeFiles/zlibstatic.dir/gzclose.c.o
[ 41%] Building C object CMakeFiles/zlib.dir/infback.c.o
[ 44%] Building C object CMakeFiles/zlibstatic.dir/gzlib.c.o
[ 47%] Building C object CMakeFiles/zlib.dir/inftrees.c.o
[ 50%] Building C object CMakeFiles/zlibstatic.dir/gzread.c.o
[ 52%] Building C object CMakeFiles/zlibstatic.dir/gzwrite.c.o
[ 55%] Building C object CMakeFiles/zlib.dir/inffast.c.o
[ 58%] Building C object CMakeFiles/zlib.dir/trees.c.o
[ 61%] Building C object CMakeFiles/zlibstatic.dir/inflate.c.o
[ 63%] Building C object CMakeFiles/zlibstatic.dir/infback.c.o
[ 66%] Building C object CMakeFiles/zlib.dir/uncompr.c.o
[ 72%] Building C object CMakeFiles/zlib.dir/zutil.c.o
[ 72%] Building C object CMakeFiles/zlibstatic.dir/inftrees.c.o
[ 75%] Building C object CMakeFiles/zlibstatic.dir/inffast.c.o
[ 77%] Building C object CMakeFiles/zlibstatic.dir/trees.c.o
[ 80%] Building C object CMakeFiles/zlibstatic.dir/uncompr.c.o
[ 83%] Building C object CMakeFiles/zlibstatic.dir/zutil.c.o
[ 86%] Linking C shared library libz.dylib
[ 88%] Linking C static library libz.a
[ 88%] Built target zlibstatic
[ 88%] Built target zlib
[ 94%] Building C object CMakeFiles/example.dir/test/example.c.o
[ 94%] Building C object CMakeFiles/minigzip.dir/test/minigzip.c.o
[ 97%] Linking C executable minigzip
[100%] Linking C executable example
[100%] Built target example
[100%] Built target minigzip
